This is pdfTeX, Version 3.141592653-2.6-1.40.22 (TeX Live 2022/dev/Debian) (preloaded format=pdflatex 2024.2.3)  12 FEB 2024 20:14
entering extended mode
 restricted \write18 enabled.
 %&-line parsing enabled.
**result_sol.pdf.temp.tex
(./result_sol.pdf.temp.tex
LaTeX2e <2021-11-15> patch level 1
L3 programming layer <2022-01-21>
(/usr/share/texlive/texmf-dist/tex/latex/base/article.cls
Document Class: article 2021/10/04 v1.4n Standard LaTeX document class
(/usr/share/texlive/texmf-dist/tex/latex/base/size10.clo
File: size10.clo 2021/10/04 v1.4n Standard LaTeX file (size option)
)
\c@part=\count185
\c@section=\count186
\c@subsection=\count187
\c@subsubsection=\count188
\c@paragraph=\count189
\c@subparagraph=\count190
\c@figure=\count191
\c@table=\count192
\abovecaptionskip=\skip47
\belowcaptionskip=\skip48
\bibindent=\dimen138
)
(/usr/share/texmf/tex/latex/AMC/automultiplechoice.sty
AMC version: 2021/11/21 v1.5.2 r:d5fe5a59
Package: automultiplechoice 2021/11/21 v1.5.2 r:d5fe5a59
(/usr/share/texlive/texmf-dist/tex/latex/xcolor/xcolor.sty
Package: xcolor 2021/10/31 v2.13 LaTeX color extensions (UK)

(/usr/share/texlive/texmf-dist/tex/latex/graphics-cfg/color.cfg
File: color.cfg 2016/01/02 v1.6 sample color configuration
)
Package xcolor Info: Driver file: pdftex.def on input line 227.

(/usr/share/texlive/texmf-dist/tex/latex/graphics-def/pdftex.def
File: pdftex.def 2020/10/05 v1.2a Graphics/color driver for pdftex
)
Package xcolor Info: Model `cmy' substituted by `cmy0' on input line 1352.
Package xcolor Info: Model `hsb' substituted by `rgb' on input line 1356.
Package xcolor Info: Model `RGB' extended on input line 1368.
Package xcolor Info: Model `HTML' substituted by `rgb' on input line 1370.
Package xcolor Info: Model `Hsb' substituted by `hsb' on input line 1371.
Package xcolor Info: Model `tHsb' substituted by `hsb' on input line 1372.
Package xcolor Info: Model `HSB' substituted by `hsb' on input line 1373.
Package xcolor Info: Model `Gray' substituted by `gray' on input line 1374.
Package xcolor Info: Model `wave' substituted by `hsb' on input line 1375.
)
(/usr/share/texlive/texmf-dist/tex/latex/fancyhdr/fancyhdr.sty
Package: fancyhdr 2021/01/28 v4.0.1 Extensive control of page headers and foote
rs
\f@nch@headwidth=\skip49
\f@nch@O@elh=\skip50
\f@nch@O@erh=\skip51
\f@nch@O@olh=\skip52
\f@nch@O@orh=\skip53
\f@nch@O@elf=\skip54
\f@nch@O@erf=\skip55
\f@nch@O@olf=\skip56
\f@nch@O@orf=\skip57
)
(/usr/share/texlive/texmf-dist/tex/latex/bophook/bophook.sty
Package: bophook 2001/03/29 v0.02 beginning-of-page hook, K. Tinnefeld
)
(/usr/share/texlive/texmf-dist/tex/latex/xkeyval/xkeyval.sty
Package: xkeyval 2020/11/20 v2.8 package option processing (HA)

(/usr/share/texlive/texmf-dist/tex/generic/xkeyval/xkeyval.tex
(/usr/share/texlive/texmf-dist/tex/generic/xkeyval/xkvutils.tex
\XKV@toks=\toks16
\XKV@tempa@toks=\toks17

(/usr/share/texlive/texmf-dist/tex/generic/xkeyval/keyval.tex))
\XKV@depth=\count193
File: xkeyval.tex 2014/12/03 v2.7a key=value parser (HA)
))
(/usr/share/texlive/texmf-dist/tex/latex/graphics/rotating.sty
Package: rotating 2016/08/11 v2.16d rotated objects in LaTeX

(/usr/share/texlive/texmf-dist/tex/latex/graphics/graphicx.sty
Package: graphicx 2021/09/16 v1.2d Enhanced LaTeX Graphics (DPC,SPQR)

(/usr/share/texlive/texmf-dist/tex/latex/graphics/graphics.sty
Package: graphics 2021/03/04 v1.4d Standard LaTeX Graphics (DPC,SPQR)

(/usr/share/texlive/texmf-dist/tex/latex/graphics/trig.sty
Package: trig 2021/08/11 v1.11 sin cos tan (DPC)
)
(/usr/share/texlive/texmf-dist/tex/latex/graphics-cfg/graphics.cfg
File: graphics.cfg 2016/06/04 v1.11 sample graphics configuration
)
Package graphics Info: Driver file: pdftex.def on input line 107.
)
\Gin@req@height=\dimen139
\Gin@req@width=\dimen140
)
(/usr/share/texlive/texmf-dist/tex/latex/base/ifthen.sty
Package: ifthen 2020/11/24 v1.1c Standard LaTeX ifthen package (DPC)
)
\c@r@tfl@t=\count194
\rotFPtop=\skip58
\rotFPbot=\skip59
\rot@float@box=\box50
\rot@mess@toks=\toks18
)
(/usr/share/texlive/texmf-dist/tex/latex/fancybox/fancybox.sty
Package: fancybox 2010/05/15 1.4

Style option: `fancybox' v1.4 <2010/05/15> (tvz)
\@fancybox=\box51
\shadowsize=\dimen141
\@Sbox=\box52
\do@VerbBox=\toks19
\the@fancyput=\toks20
\this@fancyput=\toks21
\EndVerbatimTokens=\toks22
\Verbatim@Outfile=\write3
\Verbatim@Infile=\read2
) (/usr/share/texlive/texmf-dist/tex/latex/l3kernel/expl3.sty
Package: expl3 2022-01-21 L3 programming layer (loader) 

(/usr/share/texlive/texmf-dist/tex/latex/l3backend/l3backend-pdftex.def
File: l3backend-pdftex.def 2022-01-12 L3 backend support: PDF output (pdfTeX)
\l__color_backend_stack_int=\count195
\l__pdf_internal_box=\box53
))
(/usr/share/texlive/texmf-dist/tex/latex/csvsimple/csvsimple.sty
(/usr/share/texlive/texmf-dist/tex/latex/l3packages/l3keys2e/l3keys2e.sty
Package: l3keys2e 2022-01-12 LaTeX2e option processing using LaTeX3 keys
)
Package: csvsimple 2022/02/01 v2.3.0 LaTeX CSV file processing
)
(/usr/share/texlive/texmf-dist/tex/latex/csvsimple/csvsimple-legacy.sty
Package: csvsimple-legacy 2022/02/01 version 2.3.0 LaTeX2e CSV file processing

(/usr/share/texlive/texmf-dist/tex/latex/pgf/utilities/pgfrcs.sty
(/usr/share/texlive/texmf-dist/tex/generic/pgf/utilities/pgfutil-common.tex
\pgfutil@everybye=\toks23
\pgfutil@tempdima=\dimen142
\pgfutil@tempdimb=\dimen143

(/usr/share/texlive/texmf-dist/tex/generic/pgf/utilities/pgfutil-common-lists.t
ex)) (/usr/share/texlive/texmf-dist/tex/generic/pgf/utilities/pgfutil-latex.def
\pgfutil@abb=\box54
) (/usr/share/texlive/texmf-dist/tex/generic/pgf/utilities/pgfrcs.code.tex
(/usr/share/texlive/texmf-dist/tex/generic/pgf/pgf.revision.tex)
Package: pgfrcs 2021/05/15 v3.1.9a (3.1.9a)
))
(/usr/share/texlive/texmf-dist/tex/latex/pgf/utilities/pgfkeys.sty
(/usr/share/texlive/texmf-dist/tex/generic/pgf/utilities/pgfkeys.code.tex
\pgfkeys@pathtoks=\toks24
\pgfkeys@temptoks=\toks25

(/usr/share/texlive/texmf-dist/tex/generic/pgf/utilities/pgfkeysfiltered.code.t
ex
\pgfkeys@tmptoks=\toks26
))) (/usr/share/texlive/texmf-dist/tex/latex/etoolbox/etoolbox.sty
Package: etoolbox 2020/10/05 v2.5k e-TeX tools for LaTeX (JAW)
\etb@tempcnta=\count196
)
(/usr/share/texlive/texmf-dist/tex/latex/tools/shellesc.sty
Package: shellesc 2019/11/08 v1.0c unified shell escape interface for LaTeX
Package shellesc Info: Restricted shell escape enabled on input line 77.
)
\csv@file=\read3
\c@csvinputline=\count197
\c@csvrow=\count198
\c@csvcol=\count199
\csv@out=\write4
)
(/usr/share/texlive/texmf-dist/tex/latex/environ/environ.sty
Package: environ 2014/05/04 v0.3 A new way to define environments

(/usr/share/texlive/texmf-dist/tex/latex/trimspaces/trimspaces.sty
Package: trimspaces 2009/09/17 v1.1 Trim spaces around a token list
)
\@envbody=\toks27
)
\AMC@logfile=\write5
\openout5 = `result_sol.pdf.temp.amc'.

\AMCload@counter=\count266
\AMCid@quest=\count267
\AMCid@check=\count268
\AMCid@etud=\count269
\AMCid@etudstart=\count270
\AMCid@etudfin=\count271
\AMCnum@copies=\count272
\AMCformVSpace=\dimen144
\AMCformHSpace=\dimen145
\AMCinterIrep=\dimen146
\AMCinterBrep=\dimen147
\AMCinterIquest=\dimen148
\AMCinterBquest=\dimen149
\AMCpostOquest=\dimen150
\AMCids@width=\dimen151
\AMCids@height=\dimen152
\AMC@SR=\count273
\AMC@SR@count=\count274
\AMC@SRnum=\count275
\AMC@sti=\count276
\AMC@stil=\count277
\AMCsw@p@=\toks28
\AMC@numerotation=\count278
\AMC@XYspecial=\write6
\AMC@tmpXY=\write7
\AMC@smashbox=\box55
\AMC@smashboxheight=\dimen153
\c@AMC@ncase=\count279
\AMC@boxedrule=\skip60
\AMC@crossrule=\skip61
\AMC@boxeddown=\skip62
\AMC@boxedwidth=\skip63
\AMC@boxedheight=\skip64
\AMC@oval@radius=\skip65
\AMC@outside@sep=\skip66
\AMC@CBtaille=\skip67
\AMCbin@sequence=\toks29
\AMCbin@number=\count280
\AMCbin@digit=\count281
\AMCbin@id=\count282
\AMCbin@did=\count283
\AMCbin@ndigits=\count284
\AMCbin@hsep=\dimen154
\AMCtok@k=\count285
\AMCtok@max=\count286
\AMCtok@size=\count287
\AMC@imax=\count288
\AMCtok@ik=\count289
\AMCloop@k=\count290
\AMCrep@count=\count291
\reponse@cxcix=\toks30
\reponse@cxcviii=\toks31
\reponse@cxcvii=\toks32
\reponse@cxcvi=\toks33
\reponse@cxcv=\toks34
\reponse@cxciv=\toks35
\reponse@cxciii=\toks36
\reponse@cxcii=\toks37
\reponse@cxci=\toks38
\reponse@cxc=\toks39
\reponse@clxxxix=\toks40
\reponse@clxxxviii=\toks41
\reponse@clxxxvii=\toks42
\reponse@clxxxvi=\toks43
\reponse@clxxxv=\toks44
\reponse@clxxxiv=\toks45
\reponse@clxxxiii=\toks46
\reponse@clxxxii=\toks47
\reponse@clxxxi=\toks48
\reponse@clxxx=\toks49
\reponse@clxxix=\toks50
\reponse@clxxviii=\toks51
\reponse@clxxvii=\toks52
\reponse@clxxvi=\toks53
\reponse@clxxv=\toks54
\reponse@clxxiv=\toks55
\reponse@clxxiii=\toks56
\reponse@clxxii=\toks57
\reponse@clxxi=\toks58
\reponse@clxx=\toks59
\reponse@clxix=\toks60
\reponse@clxviii=\toks61
\reponse@clxvii=\toks62
\reponse@clxvi=\toks63
\reponse@clxv=\toks64
\reponse@clxiv=\toks65
\reponse@clxiii=\toks66
\reponse@clxii=\toks67
\reponse@clxi=\toks68
\reponse@clx=\toks69
\reponse@clix=\toks70
\reponse@clviii=\toks71
\reponse@clvii=\toks72
\reponse@clvi=\toks73
\reponse@clv=\toks74
\reponse@cliv=\toks75
\reponse@cliii=\toks76
\reponse@clii=\toks77
\reponse@cli=\toks78
\reponse@cl=\toks79
\reponse@cxlix=\toks80
\reponse@cxlviii=\toks81
\reponse@cxlvii=\toks82
\reponse@cxlvi=\toks83
\reponse@cxlv=\toks84
\reponse@cxliv=\toks85
\reponse@cxliii=\toks86
\reponse@cxlii=\toks87
\reponse@cxli=\toks88
\reponse@cxl=\toks89
\reponse@cxxxix=\toks90
\reponse@cxxxviii=\toks91
\reponse@cxxxvii=\toks92
\reponse@cxxxvi=\toks93
\reponse@cxxxv=\toks94
\reponse@cxxxiv=\toks95
\reponse@cxxxiii=\toks96
\reponse@cxxxii=\toks97
\reponse@cxxxi=\toks98
\reponse@cxxx=\toks99
\reponse@cxxix=\toks100
\reponse@cxxviii=\toks101
\reponse@cxxvii=\toks102
\reponse@cxxvi=\toks103
\reponse@cxxv=\toks104
\reponse@cxxiv=\toks105
\reponse@cxxiii=\toks106
\reponse@cxxii=\toks107
\reponse@cxxi=\toks108
\reponse@cxx=\toks109
\reponse@cxix=\toks110
\reponse@cxviii=\toks111
\reponse@cxvii=\toks112
\reponse@cxvi=\toks113
\reponse@cxv=\toks114
\reponse@cxiv=\toks115
\reponse@cxiii=\toks116
\reponse@cxii=\toks117
\reponse@cxi=\toks118
\reponse@cx=\toks119
\reponse@cix=\toks120
\reponse@cviii=\toks121
\reponse@cvii=\toks122
\reponse@cvi=\toks123
\reponse@cv=\toks124
\reponse@civ=\toks125
\reponse@ciii=\toks126
\reponse@cii=\toks127
\reponse@ci=\toks128
\reponse@c=\toks129
\reponse@xcix=\toks130
\reponse@xcviii=\toks131
\reponse@xcvii=\toks132
\reponse@xcvi=\toks133
\reponse@xcv=\toks134
\reponse@xciv=\toks135
\reponse@xciii=\toks136
\reponse@xcii=\toks137
\reponse@xci=\toks138
\reponse@xc=\toks139
\reponse@lxxxix=\toks140
\reponse@lxxxviii=\toks141
\reponse@lxxxvii=\toks142
\reponse@lxxxvi=\toks143
\reponse@lxxxv=\toks144
\reponse@lxxxiv=\toks145
\reponse@lxxxiii=\toks146
\reponse@lxxxii=\toks147
\reponse@lxxxi=\toks148
\reponse@lxxx=\toks149
\reponse@lxxix=\toks150
\reponse@lxxviii=\toks151
\reponse@lxxvii=\toks152
\reponse@lxxvi=\toks153
\reponse@lxxv=\toks154
\reponse@lxxiv=\toks155
\reponse@lxxiii=\toks156
\reponse@lxxii=\toks157
\reponse@lxxi=\toks158
\reponse@lxx=\toks159
\reponse@lxix=\toks160
\reponse@lxviii=\toks161
\reponse@lxvii=\toks162
\reponse@lxvi=\toks163
\reponse@lxv=\toks164
\reponse@lxiv=\toks165
\reponse@lxiii=\toks166
\reponse@lxii=\toks167
\reponse@lxi=\toks168
\reponse@lx=\toks169
\reponse@lix=\toks170
\reponse@lviii=\toks171
\reponse@lvii=\toks172
\reponse@lvi=\toks173
\reponse@lv=\toks174
\reponse@liv=\toks175
\reponse@liii=\toks176
\reponse@lii=\toks177
\reponse@li=\toks178
\reponse@l=\toks179
\reponse@xlix=\toks180
\reponse@xlviii=\toks181
\reponse@xlvii=\toks182
\reponse@xlvi=\toks183
\reponse@xlv=\toks184
\reponse@xliv=\toks185
\reponse@xliii=\toks186
\reponse@xlii=\toks187
\reponse@xli=\toks188
\reponse@xl=\toks189
\reponse@xxxix=\toks190
\reponse@xxxviii=\toks191
\reponse@xxxvii=\toks192
\reponse@xxxvi=\toks193
\reponse@xxxv=\toks194
\reponse@xxxiv=\toks195
\reponse@xxxiii=\toks196
\reponse@xxxii=\toks197
\reponse@xxxi=\toks198
\reponse@xxx=\toks199
\reponse@xxix=\toks200
\reponse@xxviii=\toks201
\reponse@xxvii=\toks202
\reponse@xxvi=\toks203
\reponse@xxv=\toks204
\reponse@xxiv=\toks205
\reponse@xxiii=\toks206
\reponse@xxii=\toks207
\reponse@xxi=\toks208
\reponse@xx=\toks209
\reponse@xix=\toks210
\reponse@xviii=\toks211
\reponse@xvii=\toks212
\reponse@xvi=\toks213
\reponse@xv=\toks214
\reponse@xiv=\toks215
\reponse@xiii=\toks216
\reponse@xii=\toks217
\reponse@xi=\toks218
\reponse@x=\toks219
\reponse@ix=\toks220
\reponse@viii=\toks221
\reponse@vii=\toks222
\reponse@vi=\toks223
\reponse@v=\toks224
\reponse@iv=\toks225
\reponse@iii=\toks226
\reponse@ii=\toks227
\reponse@i=\toks228
\AMCnum@questions=\count292
\AMCrep@@count=\count293
\amc_memory_elts_count=\count294
\AMChorizAnswerSep=\skip68
\AMChorizBoxSep=\skip69
\AMC@mn@test=\skip70
\AMC@mn@sep=\skip71
\AMC@mn@leftmargin=\skip72
\AMC@mn@rightmargin=\skip73
\AMC@sz@width=\skip74
\AMC@sz@height=\skip75
\AMC@sz@depth=\skip76
\AMC@sza@width=\skip77
\AMC@sza@height=\skip78
\AMC@sza@depth=\skip79
\c@AMCquestionaff=\count295
\ouverte@vs=\dimen155
\AMC@chiffres=\count296
\AMCcodeHspace=\dimen156
\AMCcodeVspace=\dimen157
\amc_code_digit_n_int=\count297
\amc_num_exponent_int=\count298
\amc_todigits_int=\count299
\AMCnumeric@Hspace=\dimen158
\AMCnumeric@Vspace=\dimen159
\amc_num_ndigits_int=\count300
\amc_num_decd_int=\count301
\amc_num_expo_int=\count302
\amc_num_base_int=\count303
\amc_num_exact_int=\count304
\amc_num_approx_int=\count305
\amc_num_digit_value_int=\count306
\amc_num_first_digit_int=\count307
\amc_num_digit_int=\count308
\amc_num_sign_int=\count309
\amc_num_expo_sign_int=\count310
\amc_num_correct_expo_int=\count311
\AMCopen@Hspace=\dimen160
\AMCopen@LineHeight=\dimen161
\AMCopen@Lines=\count312
\AMCopen@boxmargin=\dimen162
\AMCopen@boxframerule=\dimen163
\AMCopen@framerule=\dimen164
\AMC@addpages=\count313

(/usr/share/texlive/texmf-dist/tex/latex/hyperref/hyperref.sty
Package: hyperref 2021-06-07 v7.00m Hypertext links for LaTeX

(/usr/share/texlive/texmf-dist/tex/generic/ltxcmds/ltxcmds.sty
Package: ltxcmds 2020-05-10 v1.25 LaTeX kernel commands for general use (HO)
)
(/usr/share/texlive/texmf-dist/tex/generic/iftex/iftex.sty
Package: iftex 2020/03/06 v1.0d TeX engine tests
)
(/usr/share/texlive/texmf-dist/tex/generic/pdftexcmds/pdftexcmds.sty
Package: pdftexcmds 2020-06-27 v0.33 Utility functions of pdfTeX for LuaTeX (HO
)

(/usr/share/texlive/texmf-dist/tex/generic/infwarerr/infwarerr.sty
Package: infwarerr 2019/12/03 v1.5 Providing info/warning/error messages (HO)
)
Package pdftexcmds Info: \pdf@primitive is available.
Package pdftexcmds Info: \pdf@ifprimitive is available.
Package pdftexcmds Info: \pdfdraftmode found.
)
(/usr/share/texlive/texmf-dist/tex/generic/kvsetkeys/kvsetkeys.sty
Package: kvsetkeys 2019/12/15 v1.18 Key value parser (HO)
)
(/usr/share/texlive/texmf-dist/tex/generic/kvdefinekeys/kvdefinekeys.sty
Package: kvdefinekeys 2019-12-19 v1.6 Define keys (HO)
)
(/usr/share/texlive/texmf-dist/tex/generic/pdfescape/pdfescape.sty
Package: pdfescape 2019/12/09 v1.15 Implements pdfTeX's escape features (HO)
)
(/usr/share/texlive/texmf-dist/tex/latex/hycolor/hycolor.sty
Package: hycolor 2020-01-27 v1.10 Color options for hyperref/bookmark (HO)
)
(/usr/share/texlive/texmf-dist/tex/latex/letltxmacro/letltxmacro.sty
Package: letltxmacro 2019/12/03 v1.6 Let assignment for LaTeX macros (HO)
)
(/usr/share/texlive/texmf-dist/tex/latex/auxhook/auxhook.sty
Package: auxhook 2019-12-17 v1.6 Hooks for auxiliary files (HO)
)
(/usr/share/texlive/texmf-dist/tex/latex/kvoptions/kvoptions.sty
Package: kvoptions 2020-10-07 v3.14 Key value format for package options (HO)
)
\@linkdim=\dimen165
\Hy@linkcounter=\count314
\Hy@pagecounter=\count315

(/usr/share/texlive/texmf-dist/tex/latex/hyperref/pd1enc.def
File: pd1enc.def 2021-06-07 v7.00m Hyperref: PDFDocEncoding definition (HO)
Now handling font encoding PD1 ...
... no UTF-8 mapping file for font encoding PD1
)
(/usr/share/texlive/texmf-dist/tex/latex/hyperref/hyperref-langpatches.def
File: hyperref-langpatches.def 2021-06-07 v7.00m Hyperref: patches for babel la
nguages
)
(/usr/share/texlive/texmf-dist/tex/generic/intcalc/intcalc.sty
Package: intcalc 2019/12/15 v1.3 Expandable calculations with integers (HO)
)
(/usr/share/texlive/texmf-dist/tex/generic/etexcmds/etexcmds.sty
Package: etexcmds 2019/12/15 v1.7 Avoid name clashes with e-TeX commands (HO)
)
\Hy@SavedSpaceFactor=\count316

(/usr/share/texlive/texmf-dist/tex/latex/hyperref/puenc.def
File: puenc.def 2021-06-07 v7.00m Hyperref: PDF Unicode definition (HO)
Now handling font encoding PU ...
... no UTF-8 mapping file for font encoding PU
)
Package hyperref Info: Option `pageanchor' set `false' on input line 4073.
Package hyperref Info: Hyper figures OFF on input line 4192.
Package hyperref Info: Link nesting OFF on input line 4197.
Package hyperref Info: Hyper index ON on input line 4200.
Package hyperref Info: Plain pages OFF on input line 4207.
Package hyperref Info: Backreferencing OFF on input line 4212.
Package hyperref Info: Implicit mode ON; LaTeX internals redefined.
Package hyperref Info: Bookmarks ON on input line 4445.
\c@Hy@tempcnt=\count317

(/usr/share/texlive/texmf-dist/tex/latex/url/url.sty
\Urlmuskip=\muskip16
Package: url 2013/09/16  ver 3.4  Verb mode for urls, etc.
)
LaTeX Info: Redefining \url on input line 4804.
\XeTeXLinkMargin=\dimen166

(/usr/share/texlive/texmf-dist/tex/generic/bitset/bitset.sty
Package: bitset 2019/12/09 v1.3 Handle bit-vector datatype (HO)

(/usr/share/texlive/texmf-dist/tex/generic/bigintcalc/bigintcalc.sty
Package: bigintcalc 2019/12/15 v1.5 Expandable calculations on big integers (HO
)
))
\Fld@menulength=\count318
\Field@Width=\dimen167
\Fld@charsize=\dimen168
Package hyperref Info: Hyper figures OFF on input line 6076.
Package hyperref Info: Link nesting OFF on input line 6081.
Package hyperref Info: Hyper index ON on input line 6084.
Package hyperref Info: backreferencing OFF on input line 6091.
Package hyperref Info: Link coloring OFF on input line 6096.
Package hyperref Info: Link coloring with OCG OFF on input line 6101.
Package hyperref Info: PDF/A mode OFF on input line 6106.
LaTeX Info: Redefining \ref on input line 6146.
LaTeX Info: Redefining \pageref on input line 6150.

(/usr/share/texlive/texmf-dist/tex/latex/base/atbegshi-ltx.sty
Package: atbegshi-ltx 2021/01/10 v1.0c Emulation of the original atbegshi
package with kernel methods
)
\Hy@abspage=\count319
\c@Item=\count320
\c@Hfootnote=\count321
)
Package hyperref Info: Driver (autodetected): hpdftex.

(/usr/share/texlive/texmf-dist/tex/latex/hyperref/hpdftex.def
File: hpdftex.def 2021-06-07 v7.00m Hyperref driver for pdfTeX

(/usr/share/texlive/texmf-dist/tex/latex/base/atveryend-ltx.sty
Package: atveryend-ltx 2020/08/19 v1.0a Emulation of the original atveryend pac
kage
with kernel methods
)
\Fld@listcount=\count322
\c@bookmark@seq@number=\count323

(/usr/share/texlive/texmf-dist/tex/latex/rerunfilecheck/rerunfilecheck.sty
Package: rerunfilecheck 2019/12/05 v1.9 Rerun checks for auxiliary files (HO)

(/usr/share/texlive/texmf-dist/tex/generic/uniquecounter/uniquecounter.sty
Package: uniquecounter 2019/12/15 v1.4 Provide unlimited unique counter (HO)
)
Package uniquecounter Info: New unique counter `rerunfilecheck' on input line 2
86.
)
\Hy@SectionHShift=\skip80
)
(/usr/share/texlive/texmf-dist/tex/latex/etex-pkg/etex.sty
Package: etex 2016/08/01 v2.7 eTeX basic definition package (PEB,DPC)


Package etex Warning: Extended allocation already in use.
(etex)                etex.sty code will not be used.
(etex)                To force etex package to load, add
(etex)                \RequirePackage{etex}
(etex)                at the start of the document.

) (/usr/share/texlive/texmf-dist/tex/latex/geometry/geometry.sty
Package: geometry 2020/01/02 v5.9 Page Geometry

(/usr/share/texlive/texmf-dist/tex/generic/iftex/ifvtex.sty
Package: ifvtex 2019/10/25 v1.7 ifvtex legacy package. Use iftex instead.
)
\Gm@cnth=\count324
\Gm@cntv=\count325
\c@Gm@tempcnt=\count326
\Gm@bindingoffset=\dimen169
\Gm@wd@mp=\dimen170
\Gm@odd@mp=\dimen171
\Gm@even@mp=\dimen172
\Gm@layoutwidth=\dimen173
\Gm@layoutheight=\dimen174
\Gm@layouthoffset=\dimen175
\Gm@layoutvoffset=\dimen176
\Gm@dimlist=\toks229
))
(./result_sol.pdf.temp.aux)
\openout1 = `result_sol.pdf.temp.aux'.

LaTeX Font Info:    Checking defaults for OML/cmm/m/it on input line 10.
LaTeX Font Info:    ... okay on input line 10.
LaTeX Font Info:    Checking defaults for OMS/cmsy/m/n on input line 10.
LaTeX Font Info:    ... okay on input line 10.
LaTeX Font Info:    Checking defaults for OT1/cmr/m/n on input line 10.
LaTeX Font Info:    ... okay on input line 10.
LaTeX Font Info:    Checking defaults for T1/cmr/m/n on input line 10.
LaTeX Font Info:    ... okay on input line 10.
LaTeX Font Info:    Checking defaults for TS1/cmr/m/n on input line 10.
LaTeX Font Info:    ... okay on input line 10.
LaTeX Font Info:    Checking defaults for OMX/cmex/m/n on input line 10.
LaTeX Font Info:    ... okay on input line 10.
LaTeX Font Info:    Checking defaults for U/cmr/m/n on input line 10.
LaTeX Font Info:    ... okay on input line 10.
LaTeX Font Info:    Checking defaults for PD1/pdf/m/n on input line 10.
LaTeX Font Info:    ... okay on input line 10.
LaTeX Font Info:    Checking defaults for PU/pdf/m/n on input line 10.
LaTeX Font Info:    ... okay on input line 10.

(/usr/share/texlive/texmf-dist/tex/context/base/mkii/supp-pdf.mkii
[Loading MPS to PDF converter (version 2006.09.02).]
\scratchcounter=\count327
\scratchdimen=\dimen177
\scratchbox=\box56
\nofMPsegments=\count328
\nofMParguments=\count329
\everyMPshowfont=\toks230
\MPscratchCnt=\count330
\MPscratchDim=\dimen178
\MPnumerator=\count331
\makeMPintoPDFobject=\count332
\everyMPtoPDFconversion=\toks231
) (/usr/share/texlive/texmf-dist/tex/latex/epstopdf-pkg/epstopdf-base.sty
Package: epstopdf-base 2020-01-24 v2.11 Base part for package epstopdf
Package epstopdf-base Info: Redefining graphics rule for `.eps' on input line 4
85.

(/usr/share/texlive/texmf-dist/tex/latex/latexconfig/epstopdf-sys.cfg
File: epstopdf-sys.cfg 2010/07/13 v1.3 Configuration of (r)epstopdf for TeX Liv
e
))
\AMC@ovalbox@R=\box57
\AMC@ovalbox@RF=\box58
\AMC@ovalbox@=\box59
\AMC@ovalbox@F=\box60
Package hyperref Info: Link coloring OFF on input line 10.

(/usr/share/texlive/texmf-dist/tex/latex/hyperref/nameref.sty
Package: nameref 2021-04-02 v2.47 Cross-referencing by name of section

(/usr/share/texlive/texmf-dist/tex/latex/refcount/refcount.sty
Package: refcount 2019/12/15 v3.6 Data extraction from label references (HO)
)
(/usr/share/texlive/texmf-dist/tex/generic/gettitlestring/gettitlestring.sty
Package: gettitlestring 2019/12/15 v1.6 Cleanup title references (HO)
)
\c@section@level=\count333
)
LaTeX Info: Redefining \ref on input line 10.
LaTeX Info: Redefining \pageref on input line 10.
LaTeX Info: Redefining \nameref on input line 10.

(./result_sol.pdf.temp.out) (./result_sol.pdf.temp.out)
\@outlinefile=\write8
\openout8 = `result_sol.pdf.temp.out'.


*geometry* driver: auto-detecting
*geometry* detected driver: pdftex
*geometry* verbose mode - [ preamble ] result:
* driver: pdftex
* paper: a4paper
* layout: <same size as paper>
* layoutoffset:(h,v)=(0.0pt,0.0pt)
* modes: includehead includefoot 
* h-part:(L,W,R)=(85.35826pt, 426.79135pt, 85.35826pt)
* v-part:(T,H,B)=(28.45274pt, 788.14136pt, 28.45274pt)
* \paperwidth=597.50787pt
* \paperheight=845.04684pt
* \textwidth=426.79135pt
* \textheight=706.23587pt
* \oddsidemargin=13.08827pt
* \evensidemargin=13.08827pt
* \topmargin=-43.81725pt
* \headheight=28.45274pt
* \headsep=25.0pt
* \topskip=10.0pt
* \footskip=28.45274pt
* \marginparwidth=57.0pt
* \marginparsep=11.0pt
* \columnsep=10.0pt
* \skip\footins=9.0pt plus 4.0pt minus 2.0pt
* \hoffset=0.0pt
* \voffset=0.0pt
* \mag=1000
* \@twocolumnfalse
* \@twosidefalse
* \@mparswitchfalse
* \@reversemarginfalse
* (1in=72.27pt=25.4mm, 1cm=28.453pt)


Underfull \hbox (badness 10000) in paragraph at lines 12--14

 []


Underfull \hbox (badness 10000) in paragraph at lines 12--14

 []

LaTeX Font Info:    External font `cmex10' loaded for size
(Font)              <7> on input line 16.
LaTeX Font Info:    External font `cmex10' loaded for size
(Font)              <5> on input line 16.

Package hyperref Warning: Token not allowed in a PDF string (Unicode):
(hyperref)                removing `subscript' on input line 22.


Package hyperref Warning: Token not allowed in a PDF string (Unicode):
(hyperref)                removing `subscript' on input line 22.


Package hyperref Warning: Token not allowed in a PDF string (Unicode):
(hyperref)                removing `subscript' on input line 22.


Package hyperref Warning: Token not allowed in a PDF string (Unicode):
(hyperref)                removing `subscript' on input line 22.


Package hyperref Warning: Token not allowed in a PDF string (Unicode):
(hyperref)                removing `subscript' on input line 31.


Package hyperref Warning: Token not allowed in a PDF string (Unicode):
(hyperref)                removing `subscript' on input line 31.

[1{/var/lib/texmf/fonts/map/pdftex/updmap/pdftex.map}

]
(./result_sol.pdf.temp.aux)
Package rerunfilecheck Info: File `result_sol.pdf.temp.out' has not changed.
(rerunfilecheck)             Checksum: D41D8CD98F00B204E9800998ECF8427E;0.
 ) 
Here is how much of TeX's memory you used:
 12800 strings out of 480112
 216471 string characters out of 5892632
 507919 words of memory out of 5000000
 30585 multiletter control sequences out of 15000+600000
 469868 words of font info for 30 fonts, out of 8000000 for 9000
 85 hyphenation exceptions out of 8191
 85i,11n,90p,321b,544s stack positions out of 5000i,500n,10000p,200000b,80000s
</usr/share/texlive/texmf-dist/fonts/type1/public/amsfonts/cm/cmbx10.pfb></us
r/share/texlive/texmf-dist/fonts/type1/public/amsfonts/cm/cmcsc10.pfb></usr/sha
re/texlive/texmf-dist/fonts/type1/public/amsfonts/cm/cmr10.pfb>
Output written on result_sol.pdf.temp.pdf (1 page, 38506 bytes).
PDF statistics:
 33 PDF objects out of 1000 (max. 8388607)
 23 compressed objects within 1 object stream
 1 named destinations out of 1000 (max. 500000)
 1 words of extra memory for PDF output out of 10000 (max. 10000000)

